
Showing logs for build [32mcb-kubecd-environment-pr-245-4-hnj8f-1[0m stage [32mfrom-build-pack[0m and container [32mstep-credential-initializer-qr4hd[0m
{"level":"info","ts":1593182810.187803,"logger":"fallback-logger","caller":"logging/config.go:69","msg":"Fetch GitHub commit ID from kodata failed: open /var/run/ko/refs/heads/0.8.0-ns-support: no such file or directory"}
{"level":"info","ts":1593182810.1888046,"logger":"fallback-logger","caller":"creds-init/main.go:40","msg":"Credentials initialized."}

Showing logs for build [32mcb-kubecd-environment-pr-245-4-hnj8f-1[0m stage [32mfrom-build-pack[0m and container [32mstep-working-dir-initializer-nxgzd[0m
{"level":"info","ts":1593182811.8326302,"logger":"fallback-logger","caller":"logging/config.go:69","msg":"Fetch GitHub commit ID from kodata failed: open /var/run/ko/HEAD: no such file or directory"}
{"level":"info","ts":1593182811.8345194,"logger":"fallback-logger","caller":"bash/main.go:64","msg":"Successfully executed command \"sh -c mkdir -p /workspace/source\"; output "}

Showing logs for build [32mcb-kubecd-environment-pr-245-4-hnj8f-1[0m stage [32mfrom-build-pack[0m and container [32mstep-place-tools[0m

Showing logs for build [32mcb-kubecd-environment-pr-245-4-hnj8f-1[0m stage [32mfrom-build-pack[0m and container [32mstep-git-source-cb-kubecd-environment-pr-245-4-hnj8f-tqqmc[0m
{"level":"info","ts":1593182817.8870852,"logger":"fallback-logger","caller":"logging/config.go:69","msg":"Fetch GitHub commit ID from kodata failed: open /var/run/ko/refs/heads/0.8.0-ns-support: no such file or directory"}
{"level":"info","ts":1593182818.9064665,"logger":"fallback-logger","caller":"git/git.go:103","msg":"Successfully cloned https://github.com/cb-kubecd/environment-pr-245-4-gke-upgrade-staging.git @ master in path /workspace/source"}

Showing logs for build [32mcb-kubecd-environment-pr-245-4-hnj8f-1[0m stage [32mfrom-build-pack[0m and container [32mstep-setup-builder-home[0m

Showing logs for build [32mcb-kubecd-environment-pr-245-4-hnj8f-1[0m stage [32mfrom-build-pack[0m and container [32mstep-git-merge[0m
Using SHAs from PULL_REFS=master:2f9d67c74cb88de2020b56688eb672b2f4f67407,1:05651d46845eb1465dcb7ad2928479fa22bd0509
DEBUG: LC_ALL=C JX_LOG_LEVEL=error git fetch origin --unshallow 05651d46845eb1465dcb7ad2928479fa22bd0509: 2f9d67c74cb88de2020b56688eb672b2f4f67407:
DEBUG: ran git fetch --unshallow origin 05651d46845eb1465dcb7ad2928479fa22bd0509: 2f9d67c74cb88de2020b56688eb672b2f4f67407: in 
DEBUG: LC_ALL=C JX_LOG_LEVEL=error git branch
DEBUG: LC_ALL=C JX_LOG_LEVEL=error git checkout master
DEBUG: ran git checkout master in 
DEBUG: JX_LOG_LEVEL=error LC_ALL=C git reset --hard 2f9d67c74cb88de2020b56688eb672b2f4f67407
DEBUG: ran git reset --hard 2f9d67c74cb88de2020b56688eb672b2f4f67407 in 
DEBUG: LC_ALL=C JX_LOG_LEVEL=error git clean -fd .
DEBUG: ran clean --force -d . in 
DEBUG: LC_ALL=C JX_LOG_LEVEL=error git merge 05651d46845eb1465dcb7ad2928479fa22bd0509
DEBUG: ran git merge 05651d46845eb1465dcb7ad2928479fa22bd0509 in 
DEBUG: LC_ALL=C JX_LOG_LEVEL=error git log --format=%H%x1f%an%x1f%ae%x1f%cn%x1f%ce%x1f%s%n%b%x1e 2f9d67c74cb88de2020b56688eb672b2f4f67407..HEAD
Merged SHA 05651d46845eb1465dcb7ad2928479fa22bd0509 with commit message 'chore: Promote bdd-spring-1593182411 to version 0.0.1' into base branch master

Showing logs for build [32mcb-kubecd-environment-pr-245-4-hnj8f-1[0m stage [32mfrom-build-pack[0m and container [32mstep-build-helm-build[0m
WARNING: No $CHART_REPOSITORY defined so using the default value of: http://jenkins-x-chartmuseum:8080
Adding missing Helm repo: storage.googleapis.com https://storage.googleapis.com/chartmuseum.jenkins-x.io
WARNING: No secrets found on "helm/repos" due: reading the secret "helm/repos" from vault: no secret "helm/repos" not found in vault
Read credentials for https://storage.googleapis.com/chartmuseum.jenkins-x.io from vault helm/repos
Successfully added Helm repository storage.googleapis.com.
Adding missing Helm repo: jenkins-x-chartmuseum http://jenkins-x-chartmuseum:8080
WARNING: No secrets found on "helm/repos" due: reading the secret "helm/repos" from vault: no secret "helm/repos" not found in vault
Read credentials for http://jenkins-x-chartmuseum:8080 from vault helm/repos
Successfully added Helm repository jenkins-x-chartmuseum.
WARNING: No $CHART_REPOSITORY defined so using the default value of: http://jenkins-x-chartmuseum:8080
Adding missing Helm repo: chartmuseum.jenkins-x.io http://chartmuseum.jenkins-x.io
WARNING: No secrets found on "helm/repos" due: reading the secret "helm/repos" from vault: no secret "helm/repos" not found in vault
Read credentials for http://chartmuseum.jenkins-x.io from vault helm/repos
Successfully added Helm repository chartmuseum.jenkins-x.io.
